Log File written by META_post version:14.0.2
Created at Thu May  2 13:36:14 2013


Welcome to <font color="#0000ff">μE</font><font color="#ff0000">T</font><font color="#0000ff">A</font> Post Processor
 version:  14.0.2, compiled on: Mar 12 2013, 19:01:08
 built:	64-bit
 platform:Linux x86_64 2.6.18-194.el5 little-endian
 Graphics Vendor:	NVIDIA Corporation
 Graphics Renderer:Quadro 4000/PCI/SSE2
 OpenGL Version:	3.2.0 NVIDIA 195.36.31
 OpenGL Performance: Optimal. If you experience instabilities use running option -performance_mode with one of the parameters 1,2,3,4.
Detected Abaqus file.
Reading Sections from /net/linux273/fs1/can/tpm_can_rtm/tpm_aniso_csr/part_rad/part_radstern.inp
Reading file "/net/linux273/fs1/can/tpm_can_rtm/tpm_aniso_csr/part_rad/part_radstern.fst" error:Datei oder Verzeichnis nicht gefunden
Reading file "/net/linux273/fs1/can/tpm_can_rtm/tpm_aniso_csr/part_rad/part_radstern.pre" error:Datei oder Verzeichnis nicht gefunden
Reading file "/net/linux273/fs1/can/tpm_can_rtm/tpm_aniso_csr/part_rad/part_radstern.dat" error:Datei oder Verzeichnis nicht gefunden
Model 0 :Geometry filename: /net/linux273/fs1/can/tpm_can_rtm/tpm_aniso_csr/part_rad/part_radstern.odb 
	Nodes  : 4200 
	Solids : 3116 
		Tetras : 0 
		Pentas : 0 
		Hexas  : 3116 
Detected Abaqus file.
Detected Abaqus file.
Reading "STEP 1        (step-1),TIME 3.99999991E-02, first analysis step"
Reading "STEP 1        (step-1),TIME 7.99999982E-02, first analysis step"
Reading "STEP 1        (step-1),TIME 1.19999997E-01, first analysis step"
Reading "STEP 1        (step-1),TIME 1.59999996E-01, first analysis step"
Reading "STEP 1        (step-1),TIME 2.00000003E-01, first analysis step"
Reading "STEP 1        (step-1),TIME 2.39999995E-01, first analysis step"
Reading "STEP 1        (step-1),TIME 2.80000001E-01, first analysis step"
Reading "STEP 1        (step-1),TIME 3.19999993E-01, first analysis step"
Reading "STEP 1        (step-1),TIME 3.60000014E-01, first analysis step"
Reading "STEP 1        (step-1),TIME 4.00000006E-01, first analysis step"
Reading "STEP 1        (step-1),TIME 4.39999998E-01, first analysis step"
Reading "STEP 1        (step-1),TIME 4.79999989E-01, first analysis step"
Reading "STEP 1        (step-1),TIME 5.19999981E-01, first analysis step"
Reading "STEP 1        (step-1),TIME 5.60000002E-01, first analysis step"
Reading "STEP 1        (step-1),TIME 6.00000024E-01, first analysis step"
Reading "STEP 1        (step-1),TIME 6.39999986E-01, first analysis step"
Reading "STEP 1        (step-1),TIME 6.80000007E-01, first analysis step"
Reading "STEP 1        (step-1),TIME 7.20000029E-01, first analysis step"
Reading "STEP 1        (step-1),TIME 7.59999990E-01, first analysis step"
Reading "STEP 1        (step-1),TIME 8.00000012E-01, first analysis step"
Reading "STEP 1        (step-1),TIME 8.39999974E-01, first analysis step"
Reading "STEP 1        (step-1),TIME 8.79999995E-01, first analysis step"
Reading "STEP 1        (step-1),TIME 9.20000017E-01, first analysis step"
Reading "STEP 1        (step-1),TIME 9.59999979E-01, first analysis step"
Reading "STEP 1        (step-1),TIME 1.00000000E+00, first analysis step"
Reading "STEP 1        (step-1),TIME 3.99999991E-02, first analysis step"
Reading "STEP 1        (step-1),TIME 7.99999982E-02, first analysis step"
Reading "STEP 1        (step-1),TIME 1.19999997E-01, first analysis step"
Reading "STEP 1        (step-1),TIME 1.59999996E-01, first analysis step"
Reading "STEP 1        (step-1),TIME 2.00000003E-01, first analysis step"
Reading "STEP 1        (step-1),TIME 2.39999995E-01, first analysis step"
Reading "STEP 1        (step-1),TIME 2.80000001E-01, first analysis step"
Reading "STEP 1        (step-1),TIME 3.19999993E-01, first analysis step"
Reading "STEP 1        (step-1),TIME 3.60000014E-01, first analysis step"
Reading "STEP 1        (step-1),TIME 4.00000006E-01, first analysis step"
Reading "STEP 1        (step-1),TIME 4.39999998E-01, first analysis step"
Reading "STEP 1        (step-1),TIME 4.79999989E-01, first analysis step"
Reading "STEP 1        (step-1),TIME 5.19999981E-01, first analysis step"
Reading "STEP 1        (step-1),TIME 5.60000002E-01, first analysis step"
Reading "STEP 1        (step-1),TIME 6.00000024E-01, first analysis step"
Reading "STEP 1        (step-1),TIME 6.39999986E-01, first analysis step"
Reading "STEP 1        (step-1),TIME 6.80000007E-01, first analysis step"
Reading "STEP 1        (step-1),TIME 7.20000029E-01, first analysis step"
Reading "STEP 1        (step-1),TIME 7.59999990E-01, first analysis step"
Reading "STEP 1        (step-1),TIME 8.00000012E-01, first analysis step"
Reading "STEP 1        (step-1),TIME 8.39999974E-01, first analysis step"
Reading "STEP 1        (step-1),TIME 8.79999995E-01, first analysis step"
Reading "STEP 1        (step-1),TIME 9.20000017E-01, first analysis step"
Reading "STEP 1        (step-1),TIME 9.59999979E-01, first analysis step"
Reading "STEP 1        (step-1),TIME 1.00000000E+00, first analysis step"
Reading "STEP 1        (step-1),TIME 3.99999991E-02, first analysis step"
Reading "STEP 1        (step-1),TIME 7.99999982E-02, first analysis step"
Reading "STEP 1        (step-1),TIME 1.19999997E-01, first analysis step"
Reading "STEP 1        (step-1),TIME 1.59999996E-01, first analysis step"
Reading "STEP 1        (step-1),TIME 2.00000003E-01, first analysis step"
Reading "STEP 1        (step-1),TIME 2.39999995E-01, first analysis step"
Reading "STEP 1        (step-1),TIME 2.80000001E-01, first analysis step"
Reading "STEP 1        (step-1),TIME 3.19999993E-01, first analysis step"
Reading "STEP 1        (step-1),TIME 3.60000014E-01, first analysis step"
Reading "STEP 1        (step-1),TIME 4.00000006E-01, first analysis step"
Reading "STEP 1        (step-1),TIME 4.39999998E-01, first analysis step"
Reading "STEP 1        (step-1),TIME 4.79999989E-01, first analysis step"
Reading "STEP 1        (step-1),TIME 5.19999981E-01, first analysis step"
Reading "STEP 1        (step-1),TIME 5.60000002E-01, first analysis step"
Reading "STEP 1        (step-1),TIME 6.00000024E-01, first analysis step"
Reading "STEP 1        (step-1),TIME 6.39999986E-01, first analysis step"
Reading "STEP 1        (step-1),TIME 6.80000007E-01, first analysis step"
Reading "STEP 1        (step-1),TIME 7.20000029E-01, first analysis step"
Reading "STEP 1        (step-1),TIME 7.59999990E-01, first analysis step"
Reading "STEP 1        (step-1),TIME 8.00000012E-01, first analysis step"
Reading "STEP 1        (step-1),TIME 8.39999974E-01, first analysis step"
Reading "STEP 1        (step-1),TIME 8.79999995E-01, first analysis step"
Reading "STEP 1        (step-1),TIME 9.20000017E-01, first analysis step"
Reading "STEP 1        (step-1),TIME 9.59999979E-01, first analysis step"
Reading "STEP 1        (step-1),TIME 1.00000000E+00, first analysis step"
Detected Abaqus file.
Reading "STEP 1        (step-1),TIME 3.99999991E-02, first analysis step"
Reading "STEP 1        (step-1),TIME 7.99999982E-02, first analysis step"
Reading "STEP 1        (step-1),TIME 1.19999997E-01, first analysis step"
Reading "STEP 1        (step-1),TIME 1.59999996E-01, first analysis step"
Reading "STEP 1        (step-1),TIME 2.00000003E-01, first analysis step"
Reading "STEP 1        (step-1),TIME 2.39999995E-01, first analysis step"
Reading "STEP 1        (step-1),TIME 2.80000001E-01, first analysis step"
Reading "STEP 1        (step-1),TIME 3.19999993E-01, first analysis step"
Reading "STEP 1        (step-1),TIME 3.60000014E-01, first analysis step"
Reading "STEP 1        (step-1),TIME 4.00000006E-01, first analysis step"
Reading "STEP 1        (step-1),TIME 4.39999998E-01, first analysis step"
Reading "STEP 1        (step-1),TIME 4.79999989E-01, first analysis step"
Reading "STEP 1        (step-1),TIME 5.19999981E-01, first analysis step"
Reading "STEP 1        (step-1),TIME 5.60000002E-01, first analysis step"
Reading "STEP 1        (step-1),TIME 6.00000024E-01, first analysis step"
Reading "STEP 1        (step-1),TIME 6.39999986E-01, first analysis step"
Reading "STEP 1        (step-1),TIME 6.80000007E-01, first analysis step"
Reading "STEP 1        (step-1),TIME 7.20000029E-01, first analysis step"
Reading "STEP 1        (step-1),TIME 7.59999990E-01, first analysis step"
Reading "STEP 1        (step-1),TIME 8.00000012E-01, first analysis step"
Reading "STEP 1        (step-1),TIME 8.39999974E-01, first analysis step"
Reading "STEP 1        (step-1),TIME 8.79999995E-01, first analysis step"
Reading "STEP 1        (step-1),TIME 9.20000017E-01, first analysis step"
Reading "STEP 1        (step-1),TIME 9.59999979E-01, first analysis step"
Reading "STEP 1        (step-1),TIME 1.00000000E+00, first analysis step"
Reading "STEP 1        (step-1),TIME 3.99999991E-02, first analysis step"
Reading "STEP 1        (step-1),TIME 7.99999982E-02, first analysis step"
Reading "STEP 1        (step-1),TIME 1.19999997E-01, first analysis step"
Reading "STEP 1        (step-1),TIME 1.59999996E-01, first analysis step"
Reading "STEP 1        (step-1),TIME 2.00000003E-01, first analysis step"
Reading "STEP 1        (step-1),TIME 2.39999995E-01, first analysis step"
Reading "STEP 1        (step-1),TIME 2.80000001E-01, first analysis step"
Reading "STEP 1        (step-1),TIME 3.19999993E-01, first analysis step"
Reading "STEP 1        (step-1),TIME 3.60000014E-01, first analysis step"
Reading "STEP 1        (step-1),TIME 4.00000006E-01, first analysis step"
Reading "STEP 1        (step-1),TIME 4.39999998E-01, first analysis step"
Reading "STEP 1        (step-1),TIME 4.79999989E-01, first analysis step"
Reading "STEP 1        (step-1),TIME 5.19999981E-01, first analysis step"
Reading "STEP 1        (step-1),TIME 5.60000002E-01, first analysis step"
Reading "STEP 1        (step-1),TIME 6.00000024E-01, first analysis step"
Reading "STEP 1        (step-1),TIME 6.39999986E-01, first analysis step"
Reading "STEP 1        (step-1),TIME 6.80000007E-01, first analysis step"
Reading "STEP 1        (step-1),TIME 7.20000029E-01, first analysis step"
Reading "STEP 1        (step-1),TIME 7.59999990E-01, first analysis step"
Reading "STEP 1        (step-1),TIME 8.00000012E-01, first analysis step"
Reading "STEP 1        (step-1),TIME 8.39999974E-01, first analysis step"
Reading "STEP 1        (step-1),TIME 8.79999995E-01, first analysis step"
Reading "STEP 1        (step-1),TIME 9.20000017E-01, first analysis step"
Reading "STEP 1        (step-1),TIME 9.59999979E-01, first analysis step"
Reading "STEP 1        (step-1),TIME 1.00000000E+00, first analysis step"
Detected Abaqus file.
Reading "STEP 1        (step-1),TIME 3.99999991E-02, first analysis step"
Reading "STEP 1        (step-1),TIME 7.99999982E-02, first analysis step"
Reading "STEP 1        (step-1),TIME 1.19999997E-01, first analysis step"
Reading "STEP 1        (step-1),TIME 1.59999996E-01, first analysis step"
Reading "STEP 1        (step-1),TIME 2.00000003E-01, first analysis step"
Reading "STEP 1        (step-1),TIME 2.39999995E-01, first analysis step"
Reading "STEP 1        (step-1),TIME 2.80000001E-01, first analysis step"
Reading "STEP 1        (step-1),TIME 3.19999993E-01, first analysis step"
Reading "STEP 1        (step-1),TIME 3.60000014E-01, first analysis step"
Reading "STEP 1        (step-1),TIME 4.00000006E-01, first analysis step"
Reading "STEP 1        (step-1),TIME 4.39999998E-01, first analysis step"
Reading "STEP 1        (step-1),TIME 4.79999989E-01, first analysis step"
Reading "STEP 1        (step-1),TIME 5.19999981E-01, first analysis step"
Reading "STEP 1        (step-1),TIME 5.60000002E-01, first analysis step"
Reading "STEP 1        (step-1),TIME 6.00000024E-01, first analysis step"
Reading "STEP 1        (step-1),TIME 6.39999986E-01, first analysis step"
Reading "STEP 1        (step-1),TIME 6.80000007E-01, first analysis step"
Reading "STEP 1        (step-1),TIME 7.20000029E-01, first analysis step"
Reading "STEP 1        (step-1),TIME 7.59999990E-01, first analysis step"
Reading "STEP 1        (step-1),TIME 8.00000012E-01, first analysis step"
Reading "STEP 1        (step-1),TIME 8.39999974E-01, first analysis step"
Reading "STEP 1        (step-1),TIME 8.79999995E-01, first analysis step"
Reading "STEP 1        (step-1),TIME 9.20000017E-01, first analysis step"
Reading "STEP 1        (step-1),TIME 9.59999979E-01, first analysis step"
Reading "STEP 1        (step-1),TIME 1.00000000E+00, first analysis step"
Reading "STEP 1        (step-1),TIME 3.99999991E-02, first analysis step"
Reading "STEP 1        (step-1),TIME 7.99999982E-02, first analysis step"
Reading "STEP 1        (step-1),TIME 1.19999997E-01, first analysis step"
Reading "STEP 1        (step-1),TIME 1.59999996E-01, first analysis step"
Reading "STEP 1        (step-1),TIME 2.00000003E-01, first analysis step"
Reading "STEP 1        (step-1),TIME 2.39999995E-01, first analysis step"
Reading "STEP 1        (step-1),TIME 2.80000001E-01, first analysis step"
Reading "STEP 1        (step-1),TIME 3.19999993E-01, first analysis step"
Reading "STEP 1        (step-1),TIME 3.60000014E-01, first analysis step"
Reading "STEP 1        (step-1),TIME 4.00000006E-01, first analysis step"
Reading "STEP 1        (step-1),TIME 4.39999998E-01, first analysis step"
Reading "STEP 1        (step-1),TIME 4.79999989E-01, first analysis step"
Reading "STEP 1        (step-1),TIME 5.19999981E-01, first analysis step"
Reading "STEP 1        (step-1),TIME 5.60000002E-01, first analysis step"
Reading "STEP 1        (step-1),TIME 6.00000024E-01, first analysis step"
Reading "STEP 1        (step-1),TIME 6.39999986E-01, first analysis step"
Reading "STEP 1        (step-1),TIME 6.80000007E-01, first analysis step"
Reading "STEP 1        (step-1),TIME 7.20000029E-01, first analysis step"
Reading "STEP 1        (step-1),TIME 7.59999990E-01, first analysis step"
Reading "STEP 1        (step-1),TIME 8.00000012E-01, first analysis step"
Reading "STEP 1        (step-1),TIME 8.39999974E-01, first analysis step"
Reading "STEP 1        (step-1),TIME 8.79999995E-01, first analysis step"
Reading "STEP 1        (step-1),TIME 9.20000017E-01, first analysis step"
Reading "STEP 1        (step-1),TIME 9.59999979E-01, first analysis step"
Reading "STEP 1        (step-1),TIME 1.00000000E+00, first analysis step"
